<?xml version="1.0" encoding="UTF-8"?>
<!-- Generated by org.testng.reporters.JUnitXMLReporter -->
<testsuite ignored="4" hostname="HP-LAPTOP" failures="0" tests="2" name="Test" time="0.105" errors="0" timestamp="2024-03-03T13:32:10 IST">
  <testcase classname="Groups.SuperClass2" name="createTask" time="0.008"/>
  <testcase classname="Groups.Superclass" name="createUser" time="0.002"/>
  <testcase classname="Groups.Superclass" name="editUser" time="0.0">
    <ignored/>
  </testcase> <!-- editUser -->
  <testcase classname="Groups.Superclass" name="deleteUser" time="0.0">
    <ignored/>
  </testcase> <!-- deleteUser -->
  <testcase classname="Groups.SuperClass2" name="deleteTask" time="0.0">
    <ignored/>
  </testcase> <!-- deleteTask -->
  <testcase classname="Groups.SuperClass2" name="editTask" time="0.0">
    <ignored/>
  </testcase> <!-- editTask -->
</testsuite> <!-- Test -->
