<?xml version="1.0" encoding="UTF-8"?>
<testng-results ignored="0" total="1" passed="1" failed="0" skipped="0">
  <reporter-output>
  </reporter-output>
  <suite started-at="2024-03-03T14:18:14 IST" name="Default suite" finished-at="2024-03-03T14:18:18 IST" duration-ms="3575">
    <groups>
    </groups>
    <test started-at="2024-03-03T14:18:14 IST" name="Default test" finished-at="2024-03-03T14:18:18 IST" duration-ms="3575">
      <class name="Assertions.Test3">
        <test-method signature="testA()[pri:0, instance:Assertions.Test3@173ed316]" started-at="2024-03-03T14:18:14 IST" name="testA" finished-at="2024-03-03T14:18:18 IST" duration-ms="3502" status="PASS">
          <reporter-output>
          </reporter-output>
        </test-method> <!-- testA -->
      </class> <!-- Assertions.Test3 -->
    </test> <!-- Default test -->
  </suite> <!-- Default suite -->
</testng-results>
